<?xml version="1.0" encoding="UTF-8"?>
<!-- Generated by org.testng.reporters.JUnitXMLReporter -->
<testsuite ignored="0" hostname="WPDev-Laptop-Shariful" failures="0" tests="2" name="Default test" time="87.854" errors="0" timestamp="2020-11-29T12:39:13 BDT">
  <testcase classname="wpdev.nx.testcases.NX_ReviewsNotification" name="invokeBrowser" time="5.718"/>
  <testcase classname="wpdev.nx.testcases.NX_ReviewsNotification" name="nxCommentsTestCase" time="82.103"/>
</testsuite> <!-- Default test -->
