<?xml version="1.0" encoding="UTF-8"?>
<!-- Generated by org.testng.reporters.JUnitXMLReporter -->
<testsuite ignored="0" hostname="WPDev-Laptop-Shariful" failures="0" tests="2" name="Default test" time="91.232" errors="0" timestamp="2020-11-30T09:46:10 BDT">
  <testcase classname="wpdev.nx.testcases.NX_DownloadStatNotification" name="invokeBrowser" time="5.763"/>
  <testcase classname="wpdev.nx.testcases.NX_DownloadStatNotification" name="nxCommentsTestCase" time="85.441"/>
</testsuite> <!-- Default test -->
