<?xml version="1.0" encoding="UTF-8"?>
<testng-results ignored="0" total="2" passed="2" failed="0" skipped="0">
  <reporter-output>
  </reporter-output>
  <suite started-at="2020-12-09T11:30:55 BDT" name="Default suite" finished-at="2020-12-09T11:31:01 BDT" duration-ms="5824">
    <groups>
    </groups>
    <test started-at="2020-12-09T11:30:55 BDT" name="Default test" finished-at="2020-12-09T11:31:01 BDT" duration-ms="5824">
      <class name="wpdev.nx.testcases.NX_CommentsNotification">
        <test-method signature="invokeBrowser()[pri:0, instance:wpdev.nx.testcases.NX_CommentsNotification@55182842]" started-at="2020-12-09T11:30:55 BDT" name="invokeBrowser" finished-at="2020-12-09T11:31:01 BDT" duration-ms="5792" status="PASS">
          <reporter-output>
          </reporter-output>
        </test-method> <!-- invokeBrowser -->
        <test-method signature="nxCommentsTestCase()[pri:0, instance:wpdev.nx.testcases.NX_CommentsNotification@55182842]" started-at="2020-12-09T11:31:01 BDT" name="nxCommentsTestCase" finished-at="2020-12-09T11:31:01 BDT" depends-on-methods="wpdev.nx.testcases.NX_CommentsNotification.invokeBrowser" duration-ms="1" status="PASS">
          <reporter-output>
          </reporter-output>
        </test-method> <!-- nxCommentsTestCase -->
      </class> <!-- wpdev.nx.testcases.NX_CommentsNotification -->
    </test> <!-- Default test -->
  </suite> <!-- Default suite -->
</testng-results>
